0 info it worked if it ends with ok
1 verbose cli [ 'C:\\Program Files\\nodejs\\node.exe',
1 verbose cli   'C:\\Program Files\\nodejs\\node_modules\\npm\\bin\\npm-cli.js',
1 verbose cli   'run',
1 verbose cli   'prepush' ]
2 info using npm@3.10.10
3 info using node@v6.9.4
4 verbose run-script [ 'prepush' ]
5 info lifecycle csssr-project-template@0.26.0~prepush: csssr-project-template@0.26.0
6 verbose lifecycle csssr-project-template@0.26.0~prepush: unsafe-perm in lifecycle true
7 verbose lifecycle csssr-project-template@0.26.0~prepush: PATH: C:\Program Files\nodejs\node_modules\npm\bin\node-gyp-bin;C:\Users\ruzela\Desktop\ruzelyanet.github.io\anketaCsssr\node_modules\.bin;C:\Program Files\Git\mingw64\libexec\git-core;C:\Users\ruzela\bin;C:\Program Files\Git\mingw64\bin;C:\Program Files\Git\usr\local\bin;C:\Program Files\Git\usr\bin;C:\Program Files\Git\usr\bin;C:\Program Files\Git\mingw64\bin;C:\Program Files\Git\usr\bin;C:\Users\ruzela\bin;C:\Program Files (x86)\Common Files\Intel\Shared Files\cpp\bin\Intel64;C:\Windows\system32;C:\Windows;C:\Windows\System32\Wbem;C:\Windows\System32\WindowsPowerShell\v1.0;C:\Program Files (x86)\Skype\Phone;C:\Program Files (x86)\Microsoft SQL Server\110\Tools\Binn\ManagementStudio;C:\Program Files (x86)\Microsoft SQL Server\110\Tools\Binn;C:\Program Files\Microsoft SQL Server\110\Tools\Binn;C:\Program Files (x86)\Microsoft SQL Server\110\DTS\Binn;C:\Users\ruzela\.dnx\bin;C:\Program Files\Microsoft DNX\Dnvm;C:\Program Files\Microsoft SQL Server\120\Tools\Binn;C:\Program Files\Microsoft SQL Server\130\Tools\Binn;C:\Program Files\nodejs;C:\Ruby23-x64\bin;C:\Program Files (x86)\Microsoft VS Code\bin;C:\Users\ruzela\AppData\Local\atom\bin;C:\Users\ruzela\AppData\Roaming\npm;C:\Program Files\Git\usr\bin\vendor_perl;C:\Program Files\Git\usr\bin\core_perl;C:\Program Files\nodejs
8 verbose lifecycle csssr-project-template@0.26.0~prepush: CWD: C:\Users\ruzela\Desktop\ruzelyanet.github.io\anketaCsssr
9 silly lifecycle csssr-project-template@0.26.0~prepush: Args: [ '/d /s /c', 'npm run lint' ]
10 silly lifecycle csssr-project-template@0.26.0~prepush: Returned: code: 1  signal: null
11 info lifecycle csssr-project-template@0.26.0~prepush: Failed to exec prepush script
12 verbose stack Error: csssr-project-template@0.26.0 prepush: `npm run lint`
12 verbose stack Exit status 1
12 verbose stack     at EventEmitter.<anonymous> (C:\Program Files\nodejs\node_modules\npm\lib\utils\lifecycle.js:255:16)
12 verbose stack     at emitTwo (events.js:106:13)
12 verbose stack     at EventEmitter.emit (events.js:191:7)
12 verbose stack     at ChildProcess.<anonymous> (C:\Program Files\nodejs\node_modules\npm\lib\utils\spawn.js:40:14)
12 verbose stack     at emitTwo (events.js:106:13)
12 verbose stack     at ChildProcess.emit (events.js:191:7)
12 verbose stack     at maybeClose (internal/child_process.js:877:16)
12 verbose stack     at Process.ChildProcess._handle.onexit (internal/child_process.js:226:5)
13 verbose pkgid csssr-project-template@0.26.0
14 verbose cwd C:\Users\ruzela\Desktop\ruzelyanet.github.io\anketaCsssr
15 error Windows_NT 10.0.10586
16 error argv "C:\\Program Files\\nodejs\\node.exe" "C:\\Program Files\\nodejs\\node_modules\\npm\\bin\\npm-cli.js" "run" "prepush"
17 error node v6.9.4
18 error npm  v3.10.10
19 error code ELIFECYCLE
20 error csssr-project-template@0.26.0 prepush: `npm run lint`
20 error Exit status 1
21 error Failed at the csssr-project-template@0.26.0 prepush script 'npm run lint'.
21 error Make sure you have the latest version of node.js and npm installed.
21 error If you do, this is most likely a problem with the csssr-project-template package,
21 error not with npm itself.
21 error Tell the author that this fails on your system:
21 error     npm run lint
21 error You can get information on how to open an issue for this project with:
21 error     npm bugs csssr-project-template
21 error Or if that isn't available, you can get their info via:
21 error     npm owner ls csssr-project-template
21 error There is likely additional logging output above.
22 verbose exit [ 1, true ]
